2019-01-09 03:05:47,541 - Resource Loader Instantiated: org.apache.velocity.runtime.resource.loader.ClasspathResourceLoader
2019-01-09 03:05:47,541 - ClasspathResourceLoader : initialization starting.
2019-01-09 03:05:47,541 - ClasspathResourceLoader : initialization complete.
2019-01-09 03:05:47,546 - ResourceCache : initialized. (class org.apache.velocity.runtime.resource.ResourceCacheImpl)
2019-01-09 03:05:47,546 - Default ResourceManager initialization complete.
2019-01-09 03:05:47,553 - Loaded System Directive: org.apache.velocity.runtime.directive.Literal
2019-01-09 03:05:47,558 - Loaded System Directive: org.apache.velocity.runtime.directive.Macro
2019-01-09 03:05:47,565 - Loaded System Directive: org.apache.velocity.runtime.directive.Parse
2019-01-09 03:05:47,570 - Loaded System Directive: org.apache.velocity.runtime.directive.Include
2019-01-09 03:05:47,572 - Loaded System Directive: org.apache.velocity.runtime.directive.Foreach
2019-01-09 03:05:47,634 - Created: 20 parsers.
2019-01-09 03:05:47,658 - Velocimacro : initialization starting.
2019-01-09 03:05:47,658 - Velocimacro : adding VMs from VM library template : VM_global_library.vm
2019-01-09 03:05:47,678 - ResourceManager : unable to find resource 'VM_global_library.vm' in any resource loader.
2019-01-09 03:05:47,678 - Velocimacro : error using  VM library template VM_global_library.vm : org.apache.velocity.exception.ResourceNotFoundException: Unable to find resource 'VM_global_library.vm'
2019-01-09 03:05:47,678 - Velocimacro :  VM library template macro registration complete.
2019-01-09 03:05:47,678 - Velocimacro : allowInline = true : VMs can be defined inline in templates
2019-01-09 03:05:47,678 - Velocimacro : allowInlineToOverride = false : VMs defined inline may NOT replace previous VM definitions
2019-01-09 03:05:47,678 - Velocimacro : allowInlineLocal = false : VMs defined inline will be  global in scope if allowed.
2019-01-09 03:05:47,678 - Velocimacro : messages on  : VM system will output logging messages
2019-01-09 03:05:47,678 - Velocimacro : autoload off  : VM system will not automatically reload global library macros
2019-01-09 03:05:47,678 - Velocimacro : initialization complete.
2019-01-09 03:05:47,678 - Velocity successfully started.
2019-01-09 03:08:10,083 - SimpleLog4JLogSystem initialized using logfile 'velocity.log'
2019-01-09 03:08:10,084 - ************************************************************** 
2019-01-09 03:08:10,084 - Starting Jakarta Velocity v1.4
2019-01-09 03:08:10,084 - RuntimeInstance initializing.
2019-01-09 03:08:10,084 - Default Properties File: org\apache\velocity\runtime\defaults\velocity.properties
2019-01-09 03:08:10,084 - Trying to use logger class org.apache.velocity.runtime.log.SimpleLog4JLogSystem
2019-01-09 03:08:10,084 - Using logger class org.apache.velocity.runtime.log.SimpleLog4JLogSystem
2019-01-09 03:08:10,089 - Default ResourceManager initializing. (class org.apache.velocity.runtime.resource.ResourceManagerImpl)
2019-01-09 03:08:10,094 - Resource Loader Instantiated: org.apache.velocity.runtime.resource.loader.ClasspathResourceLoader
2019-01-09 03:08:10,094 - ClasspathResourceLoader : initialization starting.
2019-01-09 03:08:10,094 - ClasspathResourceLoader : initialization complete.
2019-01-09 03:08:10,097 - ResourceCache : initialized. (class org.apache.velocity.runtime.resource.ResourceCacheImpl)
2019-01-09 03:08:10,097 - Default ResourceManager initialization complete.
2019-01-09 03:08:10,102 - Loaded System Directive: org.apache.velocity.runtime.directive.Literal
2019-01-09 03:08:10,105 - Loaded System Directive: org.apache.velocity.runtime.directive.Macro
2019-01-09 03:08:10,110 - Loaded System Directive: org.apache.velocity.runtime.directive.Parse
2019-01-09 03:08:10,113 - Loaded System Directive: org.apache.velocity.runtime.directive.Include
2019-01-09 03:08:10,115 - Loaded System Directive: org.apache.velocity.runtime.directive.Foreach
2019-01-09 03:08:10,155 - Created: 20 parsers.
2019-01-09 03:08:10,170 - Velocimacro : initialization starting.
2019-01-09 03:08:10,170 - Velocimacro : adding VMs from VM library template : VM_global_library.vm
2019-01-09 03:08:10,184 - ResourceManager : unable to find resource 'VM_global_library.vm' in any resource loader.
2019-01-09 03:08:10,184 - Velocimacro : error using  VM library template VM_global_library.vm : org.apache.velocity.exception.ResourceNotFoundException: Unable to find resource 'VM_global_library.vm'
2019-01-09 03:08:10,184 - Velocimacro :  VM library template macro registration complete.
2019-01-09 03:08:10,184 - Velocimacro : allowInline = true : VMs can be defined inline in templates
2019-01-09 03:08:10,184 - Velocimacro : allowInlineToOverride = false : VMs defined inline may NOT replace previous VM definitions
2019-01-09 03:08:10,184 - Velocimacro : allowInlineLocal = false : VMs defined inline will be  global in scope if allowed.
2019-01-09 03:08:10,184 - Velocimacro : messages on  : VM system will output logging messages
2019-01-09 03:08:10,184 - Velocimacro : autoload off  : VM system will not automatically reload global library macros
2019-01-09 03:08:10,184 - Velocimacro : initialization complete.
2019-01-09 03:08:10,184 - Velocity successfully started.
2019-01-09 03:36:17,659 - SimpleLog4JLogSystem initialized using logfile 'velocity.log'
2019-01-09 03:36:17,660 - ************************************************************** 
2019-01-09 03:36:17,660 - Starting Jakarta Velocity v1.4
2019-01-09 03:36:17,660 - RuntimeInstance initializing.
2019-01-09 03:36:17,660 - Default Properties File: org\apache\velocity\runtime\defaults\velocity.properties
2019-01-09 03:36:17,660 - Trying to use logger class org.apache.velocity.runtime.log.SimpleLog4JLogSystem
2019-01-09 03:36:17,660 - Using logger class org.apache.velocity.runtime.log.SimpleLog4JLogSystem
2019-01-09 03:36:17,667 - Default ResourceManager initializing. (class org.apache.velocity.runtime.resource.ResourceManagerImpl)
2019-01-09 03:36:17,671 - Resource Loader Instantiated: org.apache.velocity.runtime.resource.loader.ClasspathResourceLoader
2019-01-09 03:36:17,671 - ClasspathResourceLoader : initialization starting.
2019-01-09 03:36:17,671 - ClasspathResourceLoader : initialization complete.
2019-01-09 03:36:17,674 - ResourceCache : initialized. (class org.apache.velocity.runtime.resource.ResourceCacheImpl)
2019-01-09 03:36:17,674 - Default ResourceManager initialization complete.
2019-01-09 03:36:17,678 - Loaded System Directive: org.apache.velocity.runtime.directive.Literal
2019-01-09 03:36:17,680 - Loaded System Directive: org.apache.velocity.runtime.directive.Macro
2019-01-09 03:36:17,684 - Loaded System Directive: org.apache.velocity.runtime.directive.Parse
2019-01-09 03:36:17,686 - Loaded System Directive: org.apache.velocity.runtime.directive.Include
2019-01-09 03:36:17,688 - Loaded System Directive: org.apache.velocity.runtime.directive.Foreach
2019-01-09 03:36:17,720 - Created: 20 parsers.
2019-01-09 03:36:17,731 - Velocimacro : initialization starting.
2019-01-09 03:36:17,731 - Velocimacro : adding VMs from VM library template : VM_global_library.vm
2019-01-09 03:36:17,743 - ResourceManager : unable to find resource 'VM_global_library.vm' in any resource loader.
2019-01-09 03:36:17,743 - Velocimacro : error using  VM library template VM_global_library.vm : org.apache.velocity.exception.ResourceNotFoundException: Unable to find resource 'VM_global_library.vm'
2019-01-09 03:36:17,743 - Velocimacro :  VM library template macro registration complete.
2019-01-09 03:36:17,743 - Velocimacro : allowInline = true : VMs can be defined inline in templates
2019-01-09 03:36:17,743 - Velocimacro : allowInlineToOverride = false : VMs defined inline may NOT replace previous VM definitions
2019-01-09 03:36:17,743 - Velocimacro : allowInlineLocal = false : VMs defined inline will be  global in scope if allowed.
2019-01-09 03:36:17,743 - Velocimacro : messages on  : VM system will output logging messages
2019-01-09 03:36:17,743 - Velocimacro : autoload off  : VM system will not automatically reload global library macros
2019-01-09 03:36:17,743 - Velocimacro : initialization complete.
2019-01-09 03:36:17,743 - Velocity successfully started.
2019-01-09 03:41:20,290 - SimpleLog4JLogSystem initialized using logfile 'velocity.log'
2019-01-09 03:41:20,291 - ************************************************************** 
2019-01-09 03:41:20,291 - Starting Jakarta Velocity v1.4
2019-01-09 03:41:20,291 - RuntimeInstance initializing.
2019-01-09 03:41:20,291 - Default Properties File: org\apache\velocity\runtime\defaults\velocity.properties
2019-01-09 03:41:20,291 - Trying to use logger class org.apache.velocity.runtime.log.SimpleLog4JLogSystem
2019-01-09 03:41:20,291 - Using logger class org.apache.velocity.runtime.log.SimpleLog4JLogSystem
2019-01-09 03:41:20,295 - Default ResourceManager initializing. (class org.apache.velocity.runtime.resource.ResourceManagerImpl)
2019-01-09 03:41:20,299 - Resource Loader Instantiated: org.apache.velocity.runtime.resource.loader.ClasspathResourceLoader
2019-01-09 03:41:20,299 - ClasspathResourceLoader : initialization starting.
2019-01-09 03:41:20,300 - ClasspathResourceLoader : initialization complete.
2019-01-09 03:41:20,302 - ResourceCache : initialized. (class org.apache.velocity.runtime.resource.ResourceCacheImpl)
2019-01-09 03:41:20,302 - Default ResourceManager initialization complete.
2019-01-09 03:41:20,305 - Loaded System Directive: org.apache.velocity.runtime.directive.Literal
2019-01-09 03:41:20,308 - Loaded System Directive: org.apache.velocity.runtime.directive.Macro
2019-01-09 03:41:20,311 - Loaded System Directive: org.apache.velocity.runtime.directive.Parse
2019-01-09 03:41:20,314 - Loaded System Directive: org.apache.velocity.runtime.directive.Include
2019-01-09 03:41:20,315 - Loaded System Directive: org.apache.velocity.runtime.directive.Foreach
2019-01-09 03:41:20,347 - Created: 20 parsers.
2019-01-09 03:41:20,358 - Velocimacro : initialization starting.
2019-01-09 03:41:20,358 - Velocimacro : adding VMs from VM library template : VM_global_library.vm
2019-01-09 03:41:20,368 - ResourceManager : unable to find resource 'VM_global_library.vm' in any resource loader.
2019-01-09 03:41:20,369 - Velocimacro : error using  VM library template VM_global_library.vm : org.apache.velocity.exception.ResourceNotFoundException: Unable to find resource 'VM_global_library.vm'
2019-01-09 03:41:20,369 - Velocimacro :  VM library template macro registration complete.
2019-01-09 03:41:20,369 - Velocimacro : allowInline = true : VMs can be defined inline in templates
2019-01-09 03:41:20,369 - Velocimacro : allowInlineToOverride = false : VMs defined inline may NOT replace previous VM definitions
2019-01-09 03:41:20,369 - Velocimacro : allowInlineLocal = false : VMs defined inline will be  global in scope if allowed.
2019-01-09 03:41:20,369 - Velocimacro : messages on  : VM system will output logging messages
2019-01-09 03:41:20,369 - Velocimacro : autoload off  : VM system will not automatically reload global library macros
2019-01-09 03:41:20,369 - Velocimacro : initialization complete.
2019-01-09 03:41:20,369 - Velocity successfully started.
2019-01-09 03:44:16,054 - SimpleLog4JLogSystem initialized using logfile 'velocity.log'
2019-01-09 03:44:16,054 - ************************************************************** 
2019-01-09 03:44:16,054 - Starting Jakarta Velocity v1.4
2019-01-09 03:44:16,054 - RuntimeInstance initializing.
2019-01-09 03:44:16,054 - Default Properties File: org\apache\velocity\runtime\defaults\velocity.properties
2019-01-09 03:44:16,054 - Trying to use logger class org.apache.velocity.runtime.log.SimpleLog4JLogSystem
2019-01-09 03:44:16,054 - Using logger class org.apache.velocity.runtime.log.SimpleLog4JLogSystem
2019-01-09 03:44:16,059 - Default ResourceManager initializing. (class org.apache.velocity.runtime.resource.ResourceManagerImpl)
2019-01-09 03:44:16,063 - Resource Loader Instantiated: org.apache.velocity.runtime.resource.loader.ClasspathResourceLoader
2019-01-09 03:44:16,063 - ClasspathResourceLoader : initialization starting.
2019-01-09 03:44:16,063 - ClasspathResourceLoader : initialization complete.
2019-01-09 03:44:16,066 - ResourceCache : initialized. (class org.apache.velocity.runtime.resource.ResourceCacheImpl)
2019-01-09 03:44:16,066 - Default ResourceManager initialization complete.
2019-01-09 03:44:16,070 - Loaded System Directive: org.apache.velocity.runtime.directive.Literal
2019-01-09 03:44:16,072 - Loaded System Directive: org.apache.velocity.runtime.directive.Macro
2019-01-09 03:44:16,077 - Loaded System Directive: org.apache.velocity.runtime.directive.Parse
2019-01-09 03:44:16,080 - Loaded System Directive: org.apache.velocity.runtime.directive.Include
2019-01-09 03:44:16,081 - Loaded System Directive: org.apache.velocity.runtime.directive.Foreach
2019-01-09 03:44:16,114 - Created: 20 parsers.
2019-01-09 03:44:16,125 - Velocimacro : initialization starting.
2019-01-09 03:44:16,125 - Velocimacro : adding VMs from VM library template : VM_global_library.vm
2019-01-09 03:44:16,137 - ResourceManager : unable to find resource 'VM_global_library.vm' in any resource loader.
2019-01-09 03:44:16,137 - Velocimacro : error using  VM library template VM_global_library.vm : org.apache.velocity.exception.ResourceNotFoundException: Unable to find resource 'VM_global_library.vm'
2019-01-09 03:44:16,137 - Velocimacro :  VM library template macro registration complete.
2019-01-09 03:44:16,137 - Velocimacro : allowInline = true : VMs can be defined inline in templates
2019-01-09 03:44:16,137 - Velocimacro : allowInlineToOverride = false : VMs defined inline may NOT replace previous VM definitions
2019-01-09 03:44:16,137 - Velocimacro : allowInlineLocal = false : VMs defined inline will be  global in scope if allowed.
2019-01-09 03:44:16,137 - Velocimacro : messages on  : VM system will output logging messages
2019-01-09 03:44:16,137 - Velocimacro : autoload off  : VM system will not automatically reload global library macros
2019-01-09 03:44:16,137 - Velocimacro : initialization complete.
2019-01-09 03:44:16,137 - Velocity successfully started.
2019-01-09 03:53:52,318 - SimpleLog4JLogSystem initialized using logfile 'velocity.log'
2019-01-09 03:53:52,318 - ************************************************************** 
2019-01-09 03:53:52,318 - Starting Jakarta Velocity v1.4
2019-01-09 03:53:52,318 - RuntimeInstance initializing.
2019-01-09 03:53:52,318 - Default Properties File: org\apache\velocity\runtime\defaults\velocity.properties
2019-01-09 03:53:52,318 - Trying to use logger class org.apache.velocity.runtime.log.SimpleLog4JLogSystem
2019-01-09 03:53:52,319 - Using logger class org.apache.velocity.runtime.log.SimpleLog4JLogSystem
2019-01-09 03:53:52,327 - Default ResourceManager initializing. (class org.apache.velocity.runtime.resource.ResourceManagerImpl)
2019-01-09 03:53:52,336 - Resource Loader Instantiated: org.apache.velocity.runtime.resource.loader.ClasspathResourceLoader
2019-01-09 03:53:52,336 - ClasspathResourceLoader : initialization starting.
2019-01-09 03:53:52,336 - ClasspathResourceLoader : initialization complete.
2019-01-09 03:53:52,341 - ResourceCache : initialized. (class org.apache.velocity.runtime.resource.ResourceCacheImpl)
2019-01-09 03:53:52,341 - Default ResourceManager initialization complete.
2019-01-09 03:53:52,347 - Loaded System Directive: org.apache.velocity.runtime.directive.Literal
2019-01-09 03:53:52,352 - Loaded System Directive: org.apache.velocity.runtime.directive.Macro
2019-01-09 03:53:52,360 - Loaded System Directive: org.apache.velocity.runtime.directive.Parse
2019-01-09 03:53:52,366 - Loaded System Directive: org.apache.velocity.runtime.directive.Include
2019-01-09 03:53:52,368 - Loaded System Directive: org.apache.velocity.runtime.directive.Foreach
2019-01-09 03:53:52,409 - Created: 20 parsers.
2019-01-09 03:53:52,431 - Velocimacro : initialization starting.
2019-01-09 03:53:52,431 - Velocimacro : adding VMs from VM library template : VM_global_library.vm
2019-01-09 03:53:52,447 - ResourceManager : unable to find resource 'VM_global_library.vm' in any resource loader.
2019-01-09 03:53:52,447 - Velocimacro : error using  VM library template VM_global_library.vm : org.apache.velocity.exception.ResourceNotFoundException: Unable to find resource 'VM_global_library.vm'
2019-01-09 03:53:52,447 - Velocimacro :  VM library template macro registration complete.
2019-01-09 03:53:52,447 - Velocimacro : allowInline = true : VMs can be defined inline in templates
2019-01-09 03:53:52,447 - Velocimacro : allowInlineToOverride = false : VMs defined inline may NOT replace previous VM definitions
2019-01-09 03:53:52,447 - Velocimacro : allowInlineLocal = false : VMs defined inline will be  global in scope if allowed.
2019-01-09 03:53:52,447 - Velocimacro : messages on  : VM system will output logging messages
2019-01-09 03:53:52,447 - Velocimacro : autoload off  : VM system will not automatically reload global library macros
2019-01-09 03:53:52,447 - Velocimacro : initialization complete.
2019-01-09 03:53:52,447 - Velocity successfully started.
2019-01-09 03:57:30,465 - SimpleLog4JLogSystem initialized using logfile 'velocity.log'
2019-01-09 03:57:30,466 - ************************************************************** 
2019-01-09 03:57:30,466 - Starting Jakarta Velocity v1.4
2019-01-09 03:57:30,466 - RuntimeInstance initializing.
2019-01-09 03:57:30,466 - Default Properties File: org\apache\velocity\runtime\defaults\velocity.properties
2019-01-09 03:57:30,466 - Trying to use logger class org.apache.velocity.runtime.log.SimpleLog4JLogSystem
2019-01-09 03:57:30,466 - Using logger class org.apache.velocity.runtime.log.SimpleLog4JLogSystem
2019-01-09 03:57:30,474 - Default ResourceManager initializing. (class org.apache.velocity.runtime.resource.ResourceManagerImpl)
2019-01-09 03:57:30,483 - Resource Loader Instantiated: org.apache.velocity.runtime.resource.loader.ClasspathResourceLoader
2019-01-09 03:57:30,483 - ClasspathResourceLoader : initialization starting.
2019-01-09 03:57:30,483 - ClasspathResourceLoader : initialization complete.
2019-01-09 03:57:30,488 - ResourceCache : initialized. (class org.apache.velocity.runtime.resource.ResourceCacheImpl)
2019-01-09 03:57:30,488 - Default ResourceManager initialization complete.
2019-01-09 03:57:30,496 - Loaded System Directive: org.apache.velocity.runtime.directive.Literal
2019-01-09 03:57:30,501 - Loaded System Directive: org.apache.velocity.runtime.directive.Macro
2019-01-09 03:57:30,509 - Loaded System Directive: org.apache.velocity.runtime.directive.Parse
2019-01-09 03:57:30,514 - Loaded System Directive: org.apache.velocity.runtime.directive.Include
2019-01-09 03:57:30,517 - Loaded System Directive: org.apache.velocity.runtime.directive.Foreach
2019-01-09 03:57:30,570 - Created: 20 parsers.
2019-01-09 03:57:30,591 - Velocimacro : initialization starting.
2019-01-09 03:57:30,591 - Velocimacro : adding VMs from VM library template : VM_global_library.vm
2019-01-09 03:57:30,611 - ResourceManager : unable to find resource 'VM_global_library.vm' in any resource loader.
2019-01-09 03:57:30,611 - Velocimacro : error using  VM library template VM_global_library.vm : org.apache.velocity.exception.ResourceNotFoundException: Unable to find resource 'VM_global_library.vm'
2019-01-09 03:57:30,611 - Velocimacro :  VM library template macro registration complete.
2019-01-09 03:57:30,611 - Velocimacro : allowInline = true : VMs can be defined inline in templates
2019-01-09 03:57:30,611 - Velocimacro : allowInlineToOverride = false : VMs defined inline may NOT replace previous VM definitions
2019-01-09 03:57:30,611 - Velocimacro : allowInlineLocal = false : VMs defined inline will be  global in scope if allowed.
2019-01-09 03:57:30,611 - Velocimacro : messages on  : VM system will output logging messages
2019-01-09 03:57:30,611 - Velocimacro : autoload off  : VM system will not automatically reload global library macros
2019-01-09 03:57:30,611 - Velocimacro : initialization complete.
2019-01-09 03:57:30,611 - Velocity successfully started.
2019-01-09 03:58:05,548 - SimpleLog4JLogSystem initialized using logfile 'velocity.log'
2019-01-09 03:58:05,548 - ************************************************************** 
2019-01-09 03:58:05,548 - Starting Jakarta Velocity v1.4
2019-01-09 03:58:05,548 - RuntimeInstance initializing.
2019-01-09 03:58:05,548 - Default Properties File: org\apache\velocity\runtime\defaults\velocity.properties
2019-01-09 03:58:05,548 - Trying to use logger class org.apache.velocity.runtime.log.SimpleLog4JLogSystem
2019-01-09 03:58:05,548 - Using logger class org.apache.velocity.runtime.log.SimpleLog4JLogSystem
2019-01-09 03:58:05,554 - Default ResourceManager initializing. (class org.apache.velocity.runtime.resource.ResourceManagerImpl)
2019-01-09 03:58:05,559 - Resource Loader Instantiated: org.apache.velocity.runtime.resource.loader.ClasspathResourceLoader
2019-01-09 03:58:05,559 - ClasspathResourceLoader : initialization starting.
2019-01-09 03:58:05,559 - ClasspathResourceLoader : initialization complete.
2019-01-09 03:58:05,562 - ResourceCache : initialized. (class org.apache.velocity.runtime.resource.ResourceCacheImpl)
2019-01-09 03:58:05,562 - Default ResourceManager initialization complete.
2019-01-09 03:58:05,566 - Loaded System Directive: org.apache.velocity.runtime.directive.Literal
2019-01-09 03:58:05,570 - Loaded System Directive: org.apache.velocity.runtime.directive.Macro
2019-01-09 03:58:05,574 - Loaded System Directive: org.apache.velocity.runtime.directive.Parse
2019-01-09 03:58:05,578 - Loaded System Directive: org.apache.velocity.runtime.directive.Include
2019-01-09 03:58:05,580 - Loaded System Directive: org.apache.velocity.runtime.directive.Foreach
2019-01-09 03:58:05,620 - Created: 20 parsers.
2019-01-09 03:58:05,641 - Velocimacro : initialization starting.
2019-01-09 03:58:05,641 - Velocimacro : adding VMs from VM library template : VM_global_library.vm
2019-01-09 03:58:05,659 - ResourceManager : unable to find resource 'VM_global_library.vm' in any resource loader.
2019-01-09 03:58:05,659 - Velocimacro : error using  VM library template VM_global_library.vm : org.apache.velocity.exception.ResourceNotFoundException: Unable to find resource 'VM_global_library.vm'
2019-01-09 03:58:05,660 - Velocimacro :  VM library template macro registration complete.
2019-01-09 03:58:05,660 - Velocimacro : allowInline = true : VMs can be defined inline in templates
2019-01-09 03:58:05,660 - Velocimacro : allowInlineToOverride = false : VMs defined inline may NOT replace previous VM definitions
2019-01-09 03:58:05,660 - Velocimacro : allowInlineLocal = false : VMs defined inline will be  global in scope if allowed.
2019-01-09 03:58:05,660 - Velocimacro : messages on  : VM system will output logging messages
2019-01-09 03:58:05,660 - Velocimacro : autoload off  : VM system will not automatically reload global library macros
2019-01-09 03:58:05,660 - Velocimacro : initialization complete.
2019-01-09 03:58:05,660 - Velocity successfully started.
